2020-12-04 19:03:57,689 [Worker-5: Loading available Gradle versions] INFO  o.e.b.c.i.u.g.PublishedGradleVersions - Gradle version information cache is out-of-date. Trying to update.
2020-12-04 19:08:45,317 [Worker-2: Loading available Gradle versions] INFO  o.e.b.c.i.u.g.PublishedGradleVersions - Gradle version information cache is up-to-date. Trying to read.
2020-12-04 19:28:55,631 [Worker-2: Loading available Gradle versions] INFO  o.e.b.c.i.u.g.PublishedGradleVersions - Gradle version information cache is up-to-date. Trying to read.
2020-12-04 19:30:36,542 [Start Help Server] INFO  org.eclipse.jetty.util.log - Logging initialized @112959ms to org.eclipse.jetty.util.log.Slf4jLog
2020-12-04 19:30:36,810 [Start Help Server] INFO  org.eclipse.jetty.server.Server - jetty-9.4.31.v20200723; built: 2020-08-03T13:24:06.825Z; git: 450ba27947e13e66baa8cd1ce7e85a4461cacc1d; jvm 15+36-1562
2020-12-04 19:30:36,824 [Start Help Server] INFO  org.eclipse.jetty.server.session - DefaultSessionIdManager workerName=node0
2020-12-04 19:30:36,825 [Start Help Server] INFO  org.eclipse.jetty.server.session - No SessionScavenger set, using defaults
2020-12-04 19:30:36,825 [Start Help Server] INFO  org.eclipse.jetty.server.session - node0 Scavenging every 600000ms
2020-12-04 19:30:36,844 [Start Help Server] INFO  o.e.j.server.handler.ContextHandler - Started o.e.j.s.ServletContextHandler@46b415c3{/help,null,AVAILABLE}
2020-12-04 19:30:36,860 [Start Help Server] INFO  o.e.jetty.server.AbstractConnector - Started ServerConnector@35748c6c{HTTP/1.1, (http/1.1)}{127.0.0.1:55133}
2020-12-04 19:30:36,861 [Start Help Server] INFO  org.eclipse.jetty.server.Server - Started @113278ms
2020-12-04 19:30:36,861 [Start Help Server] INFO  org.eclipse.jetty.server.session - node0 Scavenging every 600000ms
2020-12-04 19:45:11,028 [Stop Help Server] INFO  o.e.jetty.server.AbstractConnector - Stopped ServerConnector@35748c6c{HTTP/1.1, (http/1.1)}{127.0.0.1:0}
2020-12-04 19:45:11,029 [Stop Help Server] INFO  org.eclipse.jetty.server.session - node0 Stopped scavenging
2020-12-04 19:45:11,058 [Stop Help Server] INFO  o.e.j.server.handler.ContextHandler - Stopped o.e.j.s.ServletContextHandler@46b415c3{/help,null,UNAVAILABLE}
2020-12-04 19:47:12,580 [Worker-0: Loading available Gradle versions] INFO  o.e.b.c.i.u.g.PublishedGradleVersions - Gradle version information cache is up-to-date. Trying to read.
2020-12-04 22:52:07,804 [Start Help Server] INFO  org.eclipse.jetty.util.log - Logging initialized @11215206ms to org.eclipse.jetty.util.log.Slf4jLog
2020-12-04 22:52:07,970 [Start Help Server] INFO  org.eclipse.jetty.server.Server - jetty-9.4.31.v20200723; built: 2020-08-03T13:24:06.825Z; git: 450ba27947e13e66baa8cd1ce7e85a4461cacc1d; jvm 15+36-1562
2020-12-04 22:52:08,070 [Start Help Server] INFO  org.eclipse.jetty.server.session - DefaultSessionIdManager workerName=node0
2020-12-04 22:52:08,070 [Start Help Server] INFO  org.eclipse.jetty.server.session - No SessionScavenger set, using defaults
2020-12-04 22:52:08,071 [Start Help Server] INFO  org.eclipse.jetty.server.session - node0 Scavenging every 600000ms
2020-12-04 22:52:08,110 [Start Help Server] INFO  o.e.j.server.handler.ContextHandler - Started o.e.j.s.ServletContextHandler@7a665fb5{/help,null,AVAILABLE}
2020-12-04 22:52:08,133 [Start Help Server] INFO  o.e.jetty.server.AbstractConnector - Started ServerConnector@2a8906ac{HTTP/1.1, (http/1.1)}{127.0.0.1:52152}
2020-12-04 22:52:08,134 [Start Help Server] INFO  org.eclipse.jetty.server.Server - Started @11215539ms
2020-12-04 22:52:08,134 [Start Help Server] INFO  org.eclipse.jetty.server.session - node0 Scavenging every 660000ms
